The system is: Linux - 4.18.0-348.7.1.el8_5.x86_64 - x86_64
Compiling the CXX compiler identification source file "CMakeCXXCompilerId.cpp" succeeded.
Compiler: /usr/local/bin/c++ 
Build flags: 
Id flags:  

The output was:
0


Compilation of the CXX compiler identification source "CMakeCXXCompilerId.cpp" produced "a.out"

The CXX compiler identification is GNU, found in "/home/sharon/sharon_ws/learn_advanced_modern_cpp/Modern-Advanced-Cpp/cmake-build-debug/CMakeFiles/3.17.5/CompilerIdCXX/a.out"

Determining if the CXX compiler works passed with the following output:
Change Dir: /home/sharon/sharon_ws/learn_advanced_modern_cpp/Modern-Advanced-Cpp/cmake-build-debug/CMakeFiles/CMakeTmp

Run Build Command(s):/bin/gmake cmTC_67fdc/fast && /bin/gmake  -f CMakeFiles/cmTC_67fdc.dir/build.make CMakeFiles/cmTC_67fdc.dir/build
gmake[1]: Entering directory '/home/sharon/sharon_ws/learn_advanced_modern_cpp/Modern-Advanced-Cpp/cmake-build-debug/CMakeFiles/CMakeTmp'
Building CXX object CMakeFiles/cmTC_67fdc.dir/testCXXCompiler.cxx.o
/usr/local/bin/c++     -o CMakeFiles/cmTC_67fdc.dir/testCXXCompiler.cxx.o -c /home/sharon/sharon_ws/learn_advanced_modern_cpp/Modern-Advanced-Cpp/cmake-build-debug/CMakeFiles/CMakeTmp/testCXXCompiler.cxx
Linking CXX executable cmTC_67fdc
/opt/clion-2020.3/bin/cmake/linux/bin/cmake -E cmake_link_script CMakeFiles/cmTC_67fdc.dir/link.txt --verbose=1
/usr/local/bin/c++       CMakeFiles/cmTC_67fdc.dir/testCXXCompiler.cxx.o  -o cmTC_67fdc 
gmake[1]: Leaving directory '/home/sharon/sharon_ws/learn_advanced_modern_cpp/Modern-Advanced-Cpp/cmake-build-debug/CMakeFiles/CMakeTmp'



Detecting CXX compiler ABI info compiled with the following output:
Change Dir: /home/sharon/sharon_ws/learn_advanced_modern_cpp/Modern-Advanced-Cpp/cmake-build-debug/CMakeFiles/CMakeTmp

Run Build Command(s):/bin/gmake cmTC_7fc8c/fast && /bin/gmake  -f CMakeFiles/cmTC_7fc8c.dir/build.make CMakeFiles/cmTC_7fc8c.dir/build
gmake[1]: Entering directory '/home/sharon/sharon_ws/learn_advanced_modern_cpp/Modern-Advanced-Cpp/cmake-build-debug/CMakeFiles/CMakeTmp'
Building CXX object CMakeFiles/cmTC_7fc8c.dir/CMakeCXXCompilerABI.cpp.o
/usr/local/bin/c++    -v -o CMakeFiles/cmTC_7fc8c.dir/CMakeCXXCompilerABI.cpp.o -c /opt/clion-2020.3/bin/cmake/linux/share/cmake-3.17/Modules/CMakeCXXCompilerABI.cpp
Using built-in specs.
COLLECT_GCC=/usr/local/bin/c++
Target: x86_64-pc-linux-gnu
Configured with: /home/amitarie/rpmbuild/SOURCES/gcc-8.1.0/configure --disable-multilib
Thread model: posix
gcc version 8.1.0 (GCC) 
COLLECT_GCC_OPTIONS='-v' '-o' 'CMakeFiles/cmTC_7fc8c.dir/CMakeCXXCompilerABI.cpp.o' '-c' '-shared-libgcc' '-mtune=generic' '-march=x86-64'
 /usr/local/libexec/gcc/x86_64-pc-linux-gnu/8.1.0/cc1plus -quiet -v -D_GNU_SOURCE /opt/clion-2020.3/bin/cmake/linux/share/cmake-3.17/Modules/CMakeCXXCompilerABI.cpp -quiet -dumpbase CMakeCXXCompilerABI.cpp -mtune=generic -march=x86-64 -auxbase-strip CMakeFiles/cmTC_7fc8c.dir/CMakeCXXCompilerABI.cpp.o -version -o /tmp/ccu9SuOL.s
GNU C++14 (GCC) version 8.1.0 (x86_64-pc-linux-gnu)
	compiled by GNU C version 8.1.0, GMP version 6.0.0, MPFR version 3.1.1, MPC version 1.0.1, isl version none
warning: GMP header version 6.0.0 differs from library version 6.1.2.
warning: MPFR header version 3.1.1 differs from library version 3.1.6-p2.
warning: MPC header version 1.0.1 differs from library version 1.1.0.
GGC heuristics: --param ggc-min-expand=100 --param ggc-min-heapsize=131072
ignoring nonexistent directory "/usr/local/lib/gcc/x86_64-pc-linux-gnu/8.1.0/../../../../x86_64-pc-linux-gnu/include"
#include "..." search starts here:
#include <...> search starts here:
 /usr/local/lib/gcc/x86_64-pc-linux-gnu/8.1.0/../../../../include/c++/8.1.0
 /usr/local/lib/gcc/x86_64-pc-linux-gnu/8.1.0/../../../../include/c++/8.1.0/x86_64-pc-linux-gnu
 /usr/local/lib/gcc/x86_64-pc-linux-gnu/8.1.0/../../../../include/c++/8.1.0/backward
 /usr/local/lib/gcc/x86_64-pc-linux-gnu/8.1.0/include
 /usr/local/include
 /usr/local/lib/gcc/x86_64-pc-linux-gnu/8.1.0/include-fixed
 /usr/include
End of search list.
GNU C++14 (GCC) version 8.1.0 (x86_64-pc-linux-gnu)
	compiled by GNU C version 8.1.0, GMP version 6.0.0, MPFR version 3.1.1, MPC version 1.0.1, isl version none
warning: GMP header version 6.0.0 differs from library version 6.1.2.
warning: MPFR header version 3.1.1 differs from library version 3.1.6-p2.
warning: MPC header version 1.0.1 differs from library version 1.1.0.
GGC heuristics: --param ggc-min-expand=100 --param ggc-min-heapsize=131072
Compiler executable checksum: b16c0eaeaca27482a028225ac1fab274
COLLECT_GCC_OPTIONS='-v' '-o' 'CMakeFiles/cmTC_7fc8c.dir/CMakeCXXCompilerABI.cpp.o' '-c' '-shared-libgcc' '-mtune=generic' '-march=x86-64'
 as -v --64 -o CMakeFiles/cmTC_7fc8c.dir/CMakeCXXCompilerABI.cpp.o /tmp/ccu9SuOL.s
GNU assembler version 2.30 (x86_64-redhat-linux) using BFD version version 2.30-108.el8_5.1
COMPILER_PATH=/usr/local/libexec/gcc/x86_64-pc-linux-gnu/8.1.0/:/usr/local/libexec/gcc/x86_64-pc-linux-gnu/8.1.0/:/usr/local/libexec/gcc/x86_64-pc-linux-gnu/:/usr/local/lib/gcc/x86_64-pc-linux-gnu/8.1.0/:/usr/local/lib/gcc/x86_64-pc-linux-gnu/
LIBRARY_PATH=/usr/local/lib/gcc/x86_64-pc-linux-gnu/8.1.0/:/usr/local/lib/gcc/x86_64-pc-linux-gnu/8.1.0/../../../../lib64/:/lib/../lib64/:/usr/lib/../lib64/:/usr/local/lib/gcc/x86_64-pc-linux-gnu/8.1.0/../../../:/lib/:/usr/lib/
COLLECT_GCC_OPTIONS='-v' '-o' 'CMakeFiles/cmTC_7fc8c.dir/CMakeCXXCompilerABI.cpp.o' '-c' '-shared-libgcc' '-mtune=generic' '-march=x86-64'
Linking CXX executable cmTC_7fc8c
/opt/clion-2020.3/bin/cmake/linux/bin/cmake -E cmake_link_script CMakeFiles/cmTC_7fc8c.dir/link.txt --verbose=1
/usr/local/bin/c++      -v CMakeFiles/cmTC_7fc8c.dir/CMakeCXXCompilerABI.cpp.o  -o cmTC_7fc8c 
Using built-in specs.
COLLECT_GCC=/usr/local/bin/c++
COLLECT_LTO_WRAPPER=/usr/local/libexec/gcc/x86_64-pc-linux-gnu/8.1.0/lto-wrapper
Target: x86_64-pc-linux-gnu
Configured with: /home/amitarie/rpmbuild/SOURCES/gcc-8.1.0/configure --disable-multilib
Thread model: posix
gcc version 8.1.0 (GCC) 
COMPILER_PATH=/usr/local/libexec/gcc/x86_64-pc-linux-gnu/8.1.0/:/usr/local/libexec/gcc/x86_64-pc-linux-gnu/8.1.0/:/usr/local/libexec/gcc/x86_64-pc-linux-gnu/:/usr/local/lib/gcc/x86_64-pc-linux-gnu/8.1.0/:/usr/local/lib/gcc/x86_64-pc-linux-gnu/
LIBRARY_PATH=/usr/local/lib/gcc/x86_64-pc-linux-gnu/8.1.0/:/usr/local/lib/gcc/x86_64-pc-linux-gnu/8.1.0/../../../../lib64/:/lib/../lib64/:/usr/lib/../lib64/:/usr/local/lib/gcc/x86_64-pc-linux-gnu/8.1.0/../../../:/lib/:/usr/lib/
COLLECT_GCC_OPTIONS='-v' '-o' 'cmTC_7fc8c' '-shared-libgcc' '-mtune=generic' '-march=x86-64'
 /usr/local/libexec/gcc/x86_64-pc-linux-gnu/8.1.0/collect2 -plugin /usr/local/libexec/gcc/x86_64-pc-linux-gnu/8.1.0/liblto_plugin.so -plugin-opt=/usr/local/libexec/gcc/x86_64-pc-linux-gnu/8.1.0/lto-wrapper -plugin-opt=-fresolution=/tmp/ccX6Wg5b.res -plugin-opt=-pass-through=-lgcc_s -plugin-opt=-pass-through=-lgcc -plugin-opt=-pass-through=-lc -plugin-opt=-pass-through=-lgcc_s -plugin-opt=-pass-through=-lgcc --eh-frame-hdr -m elf_x86_64 -dynamic-linker /lib64/ld-linux-x86-64.so.2 -o cmTC_7fc8c /lib/../lib64/crt1.o /lib/../lib64/crti.o /usr/local/lib/gcc/x86_64-pc-linux-gnu/8.1.0/crtbegin.o -L/usr/local/lib/gcc/x86_64-pc-linux-gnu/8.1.0 -L/usr/local/lib/gcc/x86_64-pc-linux-gnu/8.1.0/../../../../lib64 -L/lib/../lib64 -L/usr/lib/../lib64 -L/usr/local/lib/gcc/x86_64-pc-linux-gnu/8.1.0/../../.. CMakeFiles/cmTC_7fc8c.dir/CMakeCXXCompilerABI.cpp.o -lstdc++ -lm -lgcc_s -lgcc -lc -lgcc_s -lgcc /usr/local/lib/gcc/x86_64-pc-linux-gnu/8.1.0/crtend.o /lib/../lib64/crtn.o
COLLECT_GCC_OPTIONS='-v' '-o' 'cmTC_7fc8c' '-shared-libgcc' '-mtune=generic' '-march=x86-64'
gmake[1]: Leaving directory '/home/sharon/sharon_ws/learn_advanced_modern_cpp/Modern-Advanced-Cpp/cmake-build-debug/CMakeFiles/CMakeTmp'



Parsed CXX implicit include dir info from above output: rv=done
  found start of include info
  found start of implicit include info
    add: [/usr/local/lib/gcc/x86_64-pc-linux-gnu/8.1.0/../../../../include/c++/8.1.0]
    add: [/usr/local/lib/gcc/x86_64-pc-linux-gnu/8.1.0/../../../../include/c++/8.1.0/x86_64-pc-linux-gnu]
    add: [/usr/local/lib/gcc/x86_64-pc-linux-gnu/8.1.0/../../../../include/c++/8.1.0/backward]
    add: [/usr/local/lib/gcc/x86_64-pc-linux-gnu/8.1.0/include]
    add: [/usr/local/include]
    add: [/usr/local/lib/gcc/x86_64-pc-linux-gnu/8.1.0/include-fixed]
    add: [/usr/include]
  end of search list found
  collapse include dir [/usr/local/lib/gcc/x86_64-pc-linux-gnu/8.1.0/../../../../include/c++/8.1.0] ==> [/usr/local/include/c++/8.1.0]
  collapse include dir [/usr/local/lib/gcc/x86_64-pc-linux-gnu/8.1.0/../../../../include/c++/8.1.0/x86_64-pc-linux-gnu] ==> [/usr/local/include/c++/8.1.0/x86_64-pc-linux-gnu]
  collapse include dir [/usr/local/lib/gcc/x86_64-pc-linux-gnu/8.1.0/../../../../include/c++/8.1.0/backward] ==> [/usr/local/include/c++/8.1.0/backward]
  collapse include dir [/usr/local/lib/gcc/x86_64-pc-linux-gnu/8.1.0/include] ==> [/usr/local/lib/gcc/x86_64-pc-linux-gnu/8.1.0/include]
  collapse include dir [/usr/local/include] ==> [/usr/local/include]
  collapse include dir [/usr/local/lib/gcc/x86_64-pc-linux-gnu/8.1.0/include-fixed] ==> [/usr/local/lib/gcc/x86_64-pc-linux-gnu/8.1.0/include-fixed]
  collapse include dir [/usr/include] ==> [/usr/include]
  implicit include dirs: [/usr/local/include/c++/8.1.0;/usr/local/include/c++/8.1.0/x86_64-pc-linux-gnu;/usr/local/include/c++/8.1.0/backward;/usr/local/lib/gcc/x86_64-pc-linux-gnu/8.1.0/include;/usr/local/include;/usr/local/lib/gcc/x86_64-pc-linux-gnu/8.1.0/include-fixed;/usr/include]


Parsed CXX implicit link information from above output:
  link line regex: [^( *|.*[/\])(ld|CMAKE_LINK_STARTFILE-NOTFOUND|([^/\]+-)?ld|collect2)[^/\]*( |$)]
  ignore line: [Change Dir: /home/sharon/sharon_ws/learn_advanced_modern_cpp/Modern-Advanced-Cpp/cmake-build-debug/CMakeFiles/CMakeTmp]
  ignore line: []
  ignore line: [Run Build Command(s):/bin/gmake cmTC_7fc8c/fast && /bin/gmake  -f CMakeFiles/cmTC_7fc8c.dir/build.make CMakeFiles/cmTC_7fc8c.dir/build]
  ignore line: [gmake[1]: Entering directory '/home/sharon/sharon_ws/learn_advanced_modern_cpp/Modern-Advanced-Cpp/cmake-build-debug/CMakeFiles/CMakeTmp']
  ignore line: [Building CXX object CMakeFiles/cmTC_7fc8c.dir/CMakeCXXCompilerABI.cpp.o]
  ignore line: [/usr/local/bin/c++    -v -o CMakeFiles/cmTC_7fc8c.dir/CMakeCXXCompilerABI.cpp.o -c /opt/clion-2020.3/bin/cmake/linux/share/cmake-3.17/Modules/CMakeCXXCompilerABI.cpp]
  ignore line: [Using built-in specs.]
  ignore line: [COLLECT_GCC=/usr/local/bin/c++]
  ignore line: [Target: x86_64-pc-linux-gnu]
  ignore line: [Configured with: /home/amitarie/rpmbuild/SOURCES/gcc-8.1.0/configure --disable-multilib]
  ignore line: [Thread model: posix]
  ignore line: [gcc version 8.1.0 (GCC) ]
  ignore line: [COLLECT_GCC_OPTIONS='-v' '-o' 'CMakeFiles/cmTC_7fc8c.dir/CMakeCXXCompilerABI.cpp.o' '-c' '-shared-libgcc' '-mtune=generic' '-march=x86-64']
  ignore line: [ /usr/local/libexec/gcc/x86_64-pc-linux-gnu/8.1.0/cc1plus -quiet -v -D_GNU_SOURCE /opt/clion-2020.3/bin/cmake/linux/share/cmake-3.17/Modules/CMakeCXXCompilerABI.cpp -quiet -dumpbase CMakeCXXCompilerABI.cpp -mtune=generic -march=x86-64 -auxbase-strip CMakeFiles/cmTC_7fc8c.dir/CMakeCXXCompilerABI.cpp.o -version -o /tmp/ccu9SuOL.s]
  ignore line: [GNU C++14 (GCC) version 8.1.0 (x86_64-pc-linux-gnu)]
  ignore line: [	compiled by GNU C version 8.1.0  GMP version 6.0.0  MPFR version 3.1.1  MPC version 1.0.1  isl version none]
  ignore line: [warning: GMP header version 6.0.0 differs from library version 6.1.2.]
  ignore line: [warning: MPFR header version 3.1.1 differs from library version 3.1.6-p2.]
  ignore line: [warning: MPC header version 1.0.1 differs from library version 1.1.0.]
  ignore line: [GGC heuristics: --param ggc-min-expand=100 --param ggc-min-heapsize=131072]
  ignore line: [ignoring nonexistent directory "/usr/local/lib/gcc/x86_64-pc-linux-gnu/8.1.0/../../../../x86_64-pc-linux-gnu/include"]
  ignore line: [#include "..." search starts here:]
  ignore line: [#include <...> search starts here:]
  ignore line: [ /usr/local/lib/gcc/x86_64-pc-linux-gnu/8.1.0/../../../../include/c++/8.1.0]
  ignore line: [ /usr/local/lib/gcc/x86_64-pc-linux-gnu/8.1.0/../../../../include/c++/8.1.0/x86_64-pc-linux-gnu]
  ignore line: [ /usr/local/lib/gcc/x86_64-pc-linux-gnu/8.1.0/../../../../include/c++/8.1.0/backward]
  ignore line: [ /usr/local/lib/gcc/x86_64-pc-linux-gnu/8.1.0/include]
  ignore line: [ /usr/local/include]
  ignore line: [ /usr/local/lib/gcc/x86_64-pc-linux-gnu/8.1.0/include-fixed]
  ignore line: [ /usr/include]
  ignore line: [End of search list.]
  ignore line: [GNU C++14 (GCC) version 8.1.0 (x86_64-pc-linux-gnu)]
  ignore line: [	compiled by GNU C version 8.1.0  GMP version 6.0.0  MPFR version 3.1.1  MPC version 1.0.1  isl version none]
  ignore line: [warning: GMP header version 6.0.0 differs from library version 6.1.2.]
  ignore line: [warning: MPFR header version 3.1.1 differs from library version 3.1.6-p2.]
  ignore line: [warning: MPC header version 1.0.1 differs from library version 1.1.0.]
  ignore line: [GGC heuristics: --param ggc-min-expand=100 --param ggc-min-heapsize=131072]
  ignore line: [Compiler executable checksum: b16c0eaeaca27482a028225ac1fab274]
  ignore line: [COLLECT_GCC_OPTIONS='-v' '-o' 'CMakeFiles/cmTC_7fc8c.dir/CMakeCXXCompilerABI.cpp.o' '-c' '-shared-libgcc' '-mtune=generic' '-march=x86-64']
  ignore line: [ as -v --64 -o CMakeFiles/cmTC_7fc8c.dir/CMakeCXXCompilerABI.cpp.o /tmp/ccu9SuOL.s]
  ignore line: [GNU assembler version 2.30 (x86_64-redhat-linux) using BFD version version 2.30-108.el8_5.1]
  ignore line: [COMPILER_PATH=/usr/local/libexec/gcc/x86_64-pc-linux-gnu/8.1.0/:/usr/local/libexec/gcc/x86_64-pc-linux-gnu/8.1.0/:/usr/local/libexec/gcc/x86_64-pc-linux-gnu/:/usr/local/lib/gcc/x86_64-pc-linux-gnu/8.1.0/:/usr/local/lib/gcc/x86_64-pc-linux-gnu/]
  ignore line: [LIBRARY_PATH=/usr/local/lib/gcc/x86_64-pc-linux-gnu/8.1.0/:/usr/local/lib/gcc/x86_64-pc-linux-gnu/8.1.0/../../../../lib64/:/lib/../lib64/:/usr/lib/../lib64/:/usr/local/lib/gcc/x86_64-pc-linux-gnu/8.1.0/../../../:/lib/:/usr/lib/]
  ignore line: [COLLECT_GCC_OPTIONS='-v' '-o' 'CMakeFiles/cmTC_7fc8c.dir/CMakeCXXCompilerABI.cpp.o' '-c' '-shared-libgcc' '-mtune=generic' '-march=x86-64']
  ignore line: [Linking CXX executable cmTC_7fc8c]
  ignore line: [/opt/clion-2020.3/bin/cmake/linux/bin/cmake -E cmake_link_script CMakeFiles/cmTC_7fc8c.dir/link.txt --verbose=1]
  ignore line: [/usr/local/bin/c++      -v CMakeFiles/cmTC_7fc8c.dir/CMakeCXXCompilerABI.cpp.o  -o cmTC_7fc8c ]
  ignore line: [Using built-in specs.]
  ignore line: [COLLECT_GCC=/usr/local/bin/c++]
  ignore line: [COLLECT_LTO_WRAPPER=/usr/local/libexec/gcc/x86_64-pc-linux-gnu/8.1.0/lto-wrapper]
  ignore line: [Target: x86_64-pc-linux-gnu]
  ignore line: [Configured with: /home/amitarie/rpmbuild/SOURCES/gcc-8.1.0/configure --disable-multilib]
  ignore line: [Thread model: posix]
  ignore line: [gcc version 8.1.0 (GCC) ]
  ignore line: [COMPILER_PATH=/usr/local/libexec/gcc/x86_64-pc-linux-gnu/8.1.0/:/usr/local/libexec/gcc/x86_64-pc-linux-gnu/8.1.0/:/usr/local/libexec/gcc/x86_64-pc-linux-gnu/:/usr/local/lib/gcc/x86_64-pc-linux-gnu/8.1.0/:/usr/local/lib/gcc/x86_64-pc-linux-gnu/]
  ignore line: [LIBRARY_PATH=/usr/local/lib/gcc/x86_64-pc-linux-gnu/8.1.0/:/usr/local/lib/gcc/x86_64-pc-linux-gnu/8.1.0/../../../../lib64/:/lib/../lib64/:/usr/lib/../lib64/:/usr/local/lib/gcc/x86_64-pc-linux-gnu/8.1.0/../../../:/lib/:/usr/lib/]
  ignore line: [COLLECT_GCC_OPTIONS='-v' '-o' 'cmTC_7fc8c' '-shared-libgcc' '-mtune=generic' '-march=x86-64']
  link line: [ /usr/local/libexec/gcc/x86_64-pc-linux-gnu/8.1.0/collect2 -plugin /usr/local/libexec/gcc/x86_64-pc-linux-gnu/8.1.0/liblto_plugin.so -plugin-opt=/usr/local/libexec/gcc/x86_64-pc-linux-gnu/8.1.0/lto-wrapper -plugin-opt=-fresolution=/tmp/ccX6Wg5b.res -plugin-opt=-pass-through=-lgcc_s -plugin-opt=-pass-through=-lgcc -plugin-opt=-pass-through=-lc -plugin-opt=-pass-through=-lgcc_s -plugin-opt=-pass-through=-lgcc --eh-frame-hdr -m elf_x86_64 -dynamic-linker /lib64/ld-linux-x86-64.so.2 -o cmTC_7fc8c /lib/../lib64/crt1.o /lib/../lib64/crti.o /usr/local/lib/gcc/x86_64-pc-linux-gnu/8.1.0/crtbegin.o -L/usr/local/lib/gcc/x86_64-pc-linux-gnu/8.1.0 -L/usr/local/lib/gcc/x86_64-pc-linux-gnu/8.1.0/../../../../lib64 -L/lib/../lib64 -L/usr/lib/../lib64 -L/usr/local/lib/gcc/x86_64-pc-linux-gnu/8.1.0/../../.. CMakeFiles/cmTC_7fc8c.dir/CMakeCXXCompilerABI.cpp.o -lstdc++ -lm -lgcc_s -lgcc -lc -lgcc_s -lgcc /usr/local/lib/gcc/x86_64-pc-linux-gnu/8.1.0/crtend.o /lib/../lib64/crtn.o]
    arg [/usr/local/libexec/gcc/x86_64-pc-linux-gnu/8.1.0/collect2] ==> ignore
    arg [-plugin] ==> ignore
    arg [/usr/local/libexec/gcc/x86_64-pc-linux-gnu/8.1.0/liblto_plugin.so] ==> ignore
    arg [-plugin-opt=/usr/local/libexec/gcc/x86_64-pc-linux-gnu/8.1.0/lto-wrapper] ==> ignore
    arg [-plugin-opt=-fresolution=/tmp/ccX6Wg5b.res] ==> ignore
    arg [-plugin-opt=-pass-through=-lgcc_s] ==> ignore
    arg [-plugin-opt=-pass-through=-lgcc] ==> ignore
    arg [-plugin-opt=-pass-through=-lc] ==> ignore
    arg [-plugin-opt=-pass-through=-lgcc_s] ==> ignore
    arg [-plugin-opt=-pass-through=-lgcc] ==> ignore
    arg [--eh-frame-hdr] ==> ignore
    arg [-m] ==> ignore
    arg [elf_x86_64] ==> ignore
    arg [-dynamic-linker] ==> ignore
    arg [/lib64/ld-linux-x86-64.so.2] ==> ignore
    arg [-o] ==> ignore
    arg [cmTC_7fc8c] ==> ignore
    arg [/lib/../lib64/crt1.o] ==> ignore
    arg [/lib/../lib64/crti.o] ==> ignore
    arg [/usr/local/lib/gcc/x86_64-pc-linux-gnu/8.1.0/crtbegin.o] ==> ignore
    arg [-L/usr/local/lib/gcc/x86_64-pc-linux-gnu/8.1.0] ==> dir [/usr/local/lib/gcc/x86_64-pc-linux-gnu/8.1.0]
    arg [-L/usr/local/lib/gcc/x86_64-pc-linux-gnu/8.1.0/../../../../lib64] ==> dir [/usr/local/lib/gcc/x86_64-pc-linux-gnu/8.1.0/../../../../lib64]
    arg [-L/lib/../lib64] ==> dir [/lib/../lib64]
    arg [-L/usr/lib/../lib64] ==> dir [/usr/lib/../lib64]
    arg [-L/usr/local/lib/gcc/x86_64-pc-linux-gnu/8.1.0/../../..] ==> dir [/usr/local/lib/gcc/x86_64-pc-linux-gnu/8.1.0/../../..]
    arg [CMakeFiles/cmTC_7fc8c.dir/CMakeCXXCompilerABI.cpp.o] ==> ignore
    arg [-lstdc++] ==> lib [stdc++]
    arg [-lm] ==> lib [m]
    arg [-lgcc_s] ==> lib [gcc_s]
    arg [-lgcc] ==> lib [gcc]
    arg [-lc] ==> lib [c]
    arg [-lgcc_s] ==> lib [gcc_s]
    arg [-lgcc] ==> lib [gcc]
    arg [/usr/local/lib/gcc/x86_64-pc-linux-gnu/8.1.0/crtend.o] ==> ignore
    arg [/lib/../lib64/crtn.o] ==> ignore
  collapse library dir [/usr/local/lib/gcc/x86_64-pc-linux-gnu/8.1.0] ==> [/usr/local/lib/gcc/x86_64-pc-linux-gnu/8.1.0]
  collapse library dir [/usr/local/lib/gcc/x86_64-pc-linux-gnu/8.1.0/../../../../lib64] ==> [/usr/local/lib64]
  collapse library dir [/lib/../lib64] ==> [/lib64]
  collapse library dir [/usr/lib/../lib64] ==> [/usr/lib64]
  collapse library dir [/usr/local/lib/gcc/x86_64-pc-linux-gnu/8.1.0/../../..] ==> [/usr/local/lib]
  implicit libs: [stdc++;m;gcc_s;gcc;c;gcc_s;gcc]
  implicit dirs: [/usr/local/lib/gcc/x86_64-pc-linux-gnu/8.1.0;/usr/local/lib64;/lib64;/usr/lib64;/usr/local/lib]
  implicit fwks: []


